*** Fatal Error ***
Address not mapped to object (signal 11)
Address: 0x172bec8

System: Linux mewtwo 4.4.0-176-generic #206-Ubuntu SMP Fri Feb 28 05:02:04 UTC 2020 x86_64 x86_64 x86_64 GNU/Linux


Executing: gdb --quiet --batch --command=gdb-respfile-VQOgz8
[Thread debugging using libthread_db enabled]
Using host libthread_db library "/lib/x86_64-linux-gnu/libthread_db.so.1".
0x00007f6c34dedf7b in __waitpid (pid=47934, stat_loc=0xbf182c, options=0) at ../sysdeps/unix/sysv/linux/waitpid.c:29

* Loaded Libraries
From                To                  Syms Read   Shared Object Library
0x00007f6c358daf80  0x00007f6c35b3401e  Yes (*)     /usr/lib/x86_64-linux-gnu/libgtk-x11-2.0.so.0
0x00007f6c35628f00  0x00007f6c356598f6  Yes (*)     /usr/lib/x86_64-linux-gnu/libgobject-2.0.so.0
0x00007f6c35327860  0x00007f6c3539e859  Yes (*)     /lib/x86_64-linux-gnu/libglib-2.0.so.0
0x00007f6c35013160  0x00007f6c350c94f0  Yes (*)     /usr/lib/x86_64-linux-gnu/libSDL2-2.0.so.0
0x00007f6c34de2a30  0x00007f6c34defa51  Yes         /lib/x86_64-linux-gnu/libpthread.so.0
0x00007f6c34bd7100  0x00007f6c34bda1df  Yes         /lib/x86_64-linux-gnu/librt.so.1
0x00007f6c349bcdb0  0x00007f6c349cd500  Yes (*)     /lib/x86_64-linux-gnu/libz.so.1
0x00007f6c34765d50  0x00007f6c3479fe60  Yes (*)     /usr/lib/x86_64-linux-gnu/libjpeg.so.8
0x00007f6c3454bcf0  0x00007f6c3455a9bf  Yes (*)     /usr/lib/x86_64-linux-gnu/libboost_thread.so.1.58.0
0x00007f6c34338ff0  0x00007f6c34339c66  Yes (*)     /usr/lib/x86_64-linux-gnu/libboost_system.so.1.58.0
0x00007f6c34134da0  0x00007f6c3413598e  Yes         /lib/x86_64-linux-gnu/libdl.so.2
0x00007f6c33e3bd20  0x00007f6c33ee7cc9  Yes (*)     /usr/lib/x86_64-linux-gnu/libstdc++.so.6
0x00007f6c33aae600  0x00007f6c33b1fd0a  Yes         /lib/x86_64-linux-gnu/libm.so.6
0x00007f6c33893b60  0x00007f6c338a3d1d  Yes (*)     /lib/x86_64-linux-gnu/libgcc_s.so.1
0x00007f6c334e68b0  0x00007f6c33639b04  Yes         /lib/x86_64-linux-gnu/libc.so.6
0x00007f6c3322f950  0x00007f6c3328675b  Yes (*)     /usr/lib/x86_64-linux-gnu/libgdk-x11-2.0.so.0
0x00007f6c3300f170  0x00007f6c33010075  Yes (*)     /usr/lib/x86_64-linux-gnu/libgmodule-2.0.so.0
0x00007f6c32e05980  0x00007f6c32e0a746  Yes (*)     /usr/lib/x86_64-linux-gnu/libpangocairo-1.0.so.0
0x00007f6c32adf830  0x00007f6c32b672c4  Yes (*)     /usr/lib/x86_64-linux-gnu/libX11.so.6
0x00007f6c328c2530  0x00007f6c328c4756  Yes (*)     /usr/lib/x86_64-linux-gnu/libXfixes.so.3
0x00007f6c326a6780  0x00007f6c326b2bc3  Yes (*)     /usr/lib/x86_64-linux-gnu/libatk-1.0.so.0
0x00007f6c32399c40  0x00007f6c3245b897  Yes (*)     /usr/lib/x86_64-linux-gnu/libcairo.so.2
0x00007f6c3216c0b0  0x00007f6c3217e9f9  Yes (*)     /usr/lib/x86_64-linux-gnu/libgdk_pixbuf-2.0.so.0
0x00007f6c31e13880  0x00007f6c31ee707b  Yes (*)     /usr/lib/x86_64-linux-gnu/libgio-2.0.so.0
0x00007f6c31bcf1f0  0x00007f6c31bd787d  Yes (*)     /usr/lib/x86_64-linux-gnu/libpangoft2-1.0.so.0
0x00007f6c31988ff0  0x00007f6c319a8396  Yes (*)     /usr/lib/x86_64-linux-gnu/libpango-1.0.so.0
0x00007f6c3173fd60  0x00007f6c3175f02a  Yes (*)     /usr/lib/x86_64-linux-gnu/libfontconfig.so.1
0x00007f6c315327f0  0x00007f6c3153709c  Yes (*)     /usr/lib/x86_64-linux-gnu/libffi.so.6
0x00007f6c312c2530  0x00007f6c31311623  Yes (*)     /lib/x86_64-linux-gnu/libpcre.so.3
0x00007f6c30febaa0  0x00007f6c3107bb02  Yes (*)     /usr/lib/x86_64-linux-gnu/libasound.so.2
0x00007f6c30d7cb20  0x00007f6c30da9b59  Yes (*)     /usr/lib/x86_64-linux-gnu/libpulse.so.0
0x00007f6c30b63be0  0x00007f6c30b6a347  Yes (*)     /usr/lib/x86_64-linux-gnu/libsndio.so.6.1
0x00007f6c30952590  0x00007f6c3095c39f  Yes (*)     /usr/lib/x86_64-linux-gnu/libXext.so.6
0x00007f6c307473e0  0x00007f6c3074bfd7  Yes (*)     /usr/lib/x86_64-linux-gnu/libXcursor.so.1
0x00007f6c30542af0  0x00007f6c305433ec  Yes (*)     /usr/lib/x86_64-linux-gnu/libXinerama.so.1
0x00007f6c303341a0  0x00007f6c3033e6f7  Yes (*)     /usr/lib/x86_64-linux-gnu/libXi.so.6
0x00007f6c30128c70  0x00007f6c3012ea82  Yes (*)     /usr/lib/x86_64-linux-gnu/libXrandr.so.2
0x00007f6c2ff23cd0  0x00007f6c2ff24a8c  Yes (*)     /usr/lib/x86_64-linux-gnu/libXss.so.1
0x00007f6c2fd1dfc0  0x00007f6c2fd208c8  Yes (*)     /usr/lib/x86_64-linux-gnu/libXxf86vm.so.1
0x00007f6c2fb1b6a0  0x00007f6c2fb1b856  Yes (*)     /usr/lib/x86_64-linux-gnu/libwayland-egl.so.1
0x00007f6c2f911180  0x00007f6c2f9159ff  Yes (*)     /usr/lib/x86_64-linux-gnu/libwayland-client.so.0
0x00007f6c2f705200  0x00007f6c2f706d71  Yes (*)     /usr/lib/x86_64-linux-gnu/libwayland-cursor.so.0
0x00007f6c2f4c8e50  0x00007f6c2f4e36e5  Yes (*)     /usr/lib/x86_64-linux-gnu/libxkbcommon.so.0
0x00007f6c35ebcac0  0x00007f6c35eda850  Yes         /lib64/ld-linux-x86-64.so.2
0x00007f6c2f2bcad0  0x00007f6c2f2c29e5  Yes (*)     /usr/lib/x86_64-linux-gnu/libXrender.so.1
0x00007f6c2f0b8c40  0x00007f6c2f0b9618  Yes (*)     /usr/lib/x86_64-linux-gnu/libXcomposite.so.1
0x00007f6c2eeb5b90  0x00007f6c2eeb649b  Yes (*)     /usr/lib/x86_64-linux-gnu/libXdamage.so.1
0x00007f6c2ec18c60  0x00007f6c2ec882f2  Yes (*)     /usr/lib/x86_64-linux-gnu/libfreetype.so.6
0x00007f6c2e9f26b0  0x00007f6c2ea011a5  Yes (*)     /usr/lib/x86_64-linux-gnu/libxcb.so.1
0x00007f6c2e74abe0  0x00007f6c2e7cfb30  Yes (*)     /usr/lib/x86_64-linux-gnu/libpixman-1.so.0
0x00007f6c2e51fa70  0x00007f6c2e538363  Yes (*)     /lib/x86_64-linux-gnu/libpng12.so.0
0x00007f6c2e318db0  0x00007f6c2e3198c3  Yes (*)     /usr/lib/x86_64-linux-gnu/libxcb-shm.so.0
0x00007f6c2e111460  0x00007f6c2e1148da  Yes (*)     /usr/lib/x86_64-linux-gnu/libxcb-render.so.0
0x00007f6c2def1ab0  0x00007f6c2df0429b  Yes (*)     /lib/x86_64-linux-gnu/libselinux.so.1
0x00007f6c2dcd4950  0x00007f6c2dce42b8  Yes         /lib/x86_64-linux-gnu/libresolv.so.2
0x00007f6c2da79650  0x00007f6c2dab4519  Yes (*)     /usr/lib/x86_64-linux-gnu/libharfbuzz.so.0
0x00007f6c2d86bb90  0x00007f6c2d86f455  Yes (*)     /usr/lib/x86_64-linux-gnu/libthai.so.0
0x00007f6c2d644b00  0x00007f6c2d65cc69  Yes (*)     /lib/x86_64-linux-gnu/libexpat.so.1
0x00007f6c2d438800  0x00007f6c2d43d612  Yes (*)     /lib/x86_64-linux-gnu/libjson-c.so.2
0x00007f6c2d1cce70  0x00007f6c2d20f899  Yes (*)     /usr/lib/x86_64-linux-gnu/pulseaudio/libpulsecommon-8.0.so
0x00007f6c2cf798d0  0x00007f6c2cfa4864  Yes (*)     /lib/x86_64-linux-gnu/libdbus-1.so.3
0x00007f6c2cd5d400  0x00007f6c2cd6a64f  Yes (*)     /lib/x86_64-linux-gnu/libbsd.so.0
0x00007f6c2cb56e50  0x00007f6c2cb57acc  Yes (*)     /usr/lib/x86_64-linux-gnu/libXau.so.6
0x00007f6c2c9511d0  0x00007f6c2c952b38  Yes (*)     /usr/lib/x86_64-linux-gnu/libXdmcp.so.6
0x00007f6c2c72c490  0x00007f6c2c748065  Yes (*)     /usr/lib/x86_64-linux-gnu/libgraphite2.so.3
0x00007f6c2c523130  0x00007f6c2c5265bd  Yes (*)     /usr/lib/x86_64-linux-gnu/libdatrie.so.1
0x00007f6c3602b8b0  0x00007f6c36082c5f  Yes (*)     /lib/x86_64-linux-gnu/libsystemd.so.0
0x00007f6c2c31ad70  0x00007f6c2c31e798  Yes (*)     /lib/x86_64-linux-gnu/libwrap.so.0
0x00007f6c2c0b40f0  0x00007f6c2c0f66cc  Yes (*)     /usr/lib/x86_64-linux-gnu/libsndfile.so.1
0x00007f6c2bea9300  0x00007f6c2beab988  Yes (*)     /usr/lib/x86_64-linux-gnu/libasyncns.so.0
0x00007f6c2bc880d0  0x00007f6c2bc9c24d  Yes (*)     /lib/x86_64-linux-gnu/liblzma.so.5
0x00007f6c2b9add00  0x00007f6c2ba4e548  Yes (*)     /lib/x86_64-linux-gnu/libgcrypt.so.20
0x00007f6c2b78fff0  0x00007f6c2b79d1e1  Yes         /lib/x86_64-linux-gnu/libnsl.so.1
0x00007f6c2b51f420  0x00007f6c2b580cfd  Yes (*)     /usr/lib/x86_64-linux-gnu/libFLAC.so.8
0x00007f6c2b281a60  0x00007f6c2b2841a7  Yes (*)     /usr/lib/x86_64-linux-gnu/libvorbisenc.so.2
0x00007f6c2b05c8d0  0x00007f6c2b065db9  Yes (*)     /lib/x86_64-linux-gnu/libgpg-error.so.0
0x00007f6c2ae52a70  0x00007f6c2ae56c05  Yes (*)     /usr/lib/x86_64-linux-gnu/libogg.so.0
0x00007f6c2ac28d90  0x00007f6c2ac3eb3d  Yes (*)     /usr/lib/x86_64-linux-gnu/libvorbis.so.0
(*): Shared library is missing debugging information.

* Threads
  Id   Target Id         Frame 
* 1    Thread 0x7f6c36013a40 (LWP 23971) "vizdoom" 0x00007f6c34dedf7b in __waitpid (pid=47934, stat_loc=0xbf182c, options=0) at ../sysdeps/unix/sysv/linux/waitpid.c:29

* FPU Status
  R7: Empty   0x00000000000000000000
  R6: Empty   0x00000000000000000000
  R5: Empty   0x00000000000000000000
  R4: Empty   0x00000000000000000000
  R3: Empty   0x00000000000000000000
  R2: Empty   0x00000000000000000000
  R1: Empty   0x00000000000000000000
=>R0: Empty   0x00000000000000000000

Status Word:         0x0000                                            
                       TOP: 0
Control Word:        0x027f   IM DM ZM OM UM PM
                       PC: Double Precision (53-bits)
                       RC: Round to nearest
Tag Word:            0xffff
Instruction Pointer: 0x00:0x00000000
Operand Pointer:     0x00:0x00000000
Opcode:              0x0000

* Registers
rax            0xfffffffffffffe00	-512
rbx            0xbb3e	47934
rcx            0x7f6c34dedf7b	140102720216955
rdx            0x0	0
rsi            0xbf182c	12523564
rdi            0xbb3e	47934
rbp            0xbf182c	0xbf182c
rsp            0xbf17f0	0xbf17f0
r8             0x0	0
r9             0x7f6c36013a40	140102739245632
r10            0x0	0
r11            0x246	582
r12            0x0	0
r13            0x1090	4240
r14            0xbeed20	12512544
r15            0x4	4
rip            0x7f6c34dedf7b	0x7f6c34dedf7b <__waitpid+107>
eflags         0x246	[ PF ZF IF ]
cs             0x33	51
ss             0x2b	43
ds             0x0	0
es             0x0	0
fs             0x0	0
gs             0x0	0

* Backtrace

Thread 1 (Thread 0x7f6c36013a40 (LWP 23971)):
#0  0x00007f6c34dedf7b in __waitpid (pid=47934, stat_loc=0xbf182c, options=0) at ../sysdeps/unix/sysv/linux/waitpid.c:29
        resultvar = 18446744073709551104
        sc_cancel_oldtype = 0
#1  0x000000000051c914 in ?? ()
No symbol table info available.
#2  <signal handler called>
No locals.
#3  0x00000000005b711b in FName::NameManager::FindName(char const*, bool) ()
No symbol table info available.
#4  0x000000000053a278 in C_RemoveTabCommand(char const*) ()
No symbol table info available.
#5  0x000000000053e0e7 in FConsoleCommand::~FConsoleCommand() ()
No symbol table info available.
#6  0x00007f6c33500ff8 in __run_exit_handlers (status=0, listp=0x7f6c3388b5f8 <__exit_funcs>, run_list_atexit=run_list_atexit@entry=true) at exit.c:82
        atfct = <optimized out>
        onfct = <optimized out>
        cxafct = <optimized out>
#7  0x00007f6c33501045 in __GI_exit (status=<optimized out>) at exit.c:104
No locals.
#8  0x000000000082eccf in VIZ_MQTic() ()
No symbol table info available.
#9  0x000000000082e3be in VIZ_Tic() ()
No symbol table info available.
#10 0x000000000055500f in D_DoomLoop() ()
No symbol table info available.
#11 0x000000000055743a in D_DoomMain() ()
No symbol table info available.
#12 0x0000000000503f52 in main ()
No symbol table info available.
